<?xml version="1.0" encoding="UTF-8"?>
<!-- Generated by org.testng.reporters.JUnitReportReporter -->
<testsuite skipped="0" hostname="Sreejith" name="com.rsabasics.SerializeTest" tests="1" failures="0" timestamp="2021-06-12T21:43:00 EDT" time="5.530" errors="0">
  <testcase name="AddAddress" time="5.530" classname="com.rsabasics.SerializeTest"/>
  <system-out/>
</testsuite> <!-- com.rsabasics.SerializeTest -->
