<?xml version="1.0" encoding="UTF-8"?>
<!-- Generated by org.testng.reporters.JUnitReportReporter -->
<testsuite skipped="0" hostname="Sreejith" name="com.rsabasics.JiraTest" tests="2" failures="0" timestamp="2021-06-12T15:33:28 EDT" time="0.725" errors="0">
  <testcase name="AddComment" time="0.475" classname="com.rsabasics.JiraTest"/>
  <system-out/>
  <testcase name="GetIssue" time="0.250" classname="com.rsabasics.JiraTest"/>
  <system-out/>
</testsuite> <!-- com.rsabasics.JiraTest -->
